<?xml version="1.0" encoding="UTF-8"?>
<testng-results skipped="0" failed="0" ignored="0" total="2" passed="2">
  <reporter-output>
  </reporter-output>
  <suite name="Suite" duration-ms="78160" started-at="2018-09-10T12:22:28Z" finished-at="2018-09-10T12:23:46Z">
    <groups>
    </groups>
    <test name="Test" duration-ms="78160" started-at="2018-09-10T12:22:28Z" finished-at="2018-09-10T12:23:46Z">
      <class name="com.framework.tests.TheFloowTests">
        <test-method status="PASS" signature="Setup(java.lang.String, java.lang.String)[pri:0, instance:com.framework.tests.TheFloowTests@eb21112]" name="Setup" is-config="true" duration-ms="20803" started-at="2018-09-10T12:22:28Z" finished-at="2018-09-10T12:22:49Z">
          <params>
            <param index="0">
              <value>
                <![CDATA[192.168.220.101:5555]]>
              </value>
            </param>
            <param index="1">
              <value>
                <![CDATA[8.0]]>
              </value>
            </param>
          </params>
          <reporter-output>
          </reporter-output>
        </test-method> <!-- Setup -->
        <test-method status="PASS" signature="userLoginTest()[pri:1, instance:com.framework.tests.TheFloowTests@eb21112]" name="userLoginTest" duration-ms="38917" started-at="2018-09-10T12:22:49Z" finished-at="2018-09-10T12:23:28Z">
          <reporter-output>
          </reporter-output>
        </test-method> <!-- userLoginTest -->
        <test-method status="PASS" signature="changePassword()[pri:2, instance:com.framework.tests.TheFloowTests@eb21112]" name="changePassword" duration-ms="17319" started-at="2018-09-10T12:23:28Z" finished-at="2018-09-10T12:23:45Z">
          <reporter-output>
          </reporter-output>
        </test-method> <!-- changePassword -->
        <test-method status="PASS" signature="tearDown()[pri:0, instance:com.framework.tests.TheFloowTests@eb21112]" name="tearDown" is-config="true" duration-ms="1087" started-at="2018-09-10T12:23:45Z" finished-at="2018-09-10T12:23:46Z">
          <reporter-output>
          </reporter-output>
        </test-method> <!-- tearDown -->
      </class> <!-- com.framework.tests.TheFloowTests -->
    </test> <!-- Test -->
  </suite> <!-- Suite -->
</testng-results>
